<?xml version="1.0" encoding="UTF-8"?>
<!-- Generated by org.testng.reporters.JUnitXMLReporter -->
<testsuite hostname="Admin-PC" ignored="0" name="DivTest" tests="5" failures="0" timestamp="22 серп. 2018 15:00:42 GMT" time="0.01" errors="0">
  <testcase name="firstTestForDivMethod" time="0.0" classname="At_025.HomeWork_6.DivTest"/>
  <testcase name="secondTestForDivMethod" time="0.0" classname="At_025.HomeWork_6.DivTest"/>
  <testcase name="thirdTestForDivMethod" time="0.0" classname="At_025.HomeWork_6.DivTest"/>
  <testcase name="thirdTestForDivMethod" time="0.01" classname="At_025.HomeWork_6.DivTest"/>
  <testcase name="fourthTestForDivMethod" time="0.0" classname="At_025.HomeWork_6.DivTest"/>
</testsuite> <!-- DivTest -->
