<?xml version="1.0" encoding="UTF-8"?>
<!-- Generated by org.testng.reporters.JUnitXMLReporter -->
<testsuite hostname="Admin-PC" ignored="0" name="SubTest" tests="8" failures="0" timestamp="22 серп. 2018 15:00:41 GMT" time="0.03" errors="0">
  <testcase name="firstTestForSubMethod" time="0.0" classname="At_025.HomeWork_6.SubTest"/>
  <testcase name="secondTestForSubMethod" time="0.01" classname="At_025.HomeWork_6.SubTest"/>
  <testcase name="thirdTestForSubMethod" time="0.0" classname="At_025.HomeWork_6.SubTest"/>
  <testcase name="thirdTestForSubMethod" time="0.0" classname="At_025.HomeWork_6.SubTest"/>
  <testcase name="thirdTestForSubMethod" time="0.0" classname="At_025.HomeWork_6.SubTest"/>
  <testcase name="thirdTestForSubMethod" time="0.0" classname="At_025.HomeWork_6.SubTest"/>
  <testcase name="thirdTestForSubMethod" time="0.0" classname="At_025.HomeWork_6.SubTest"/>
  <testcase name="fourthTestForSubMethod" time="0.0" classname="At_025.HomeWork_6.SubTest"/>
</testsuite> <!-- SubTest -->
