<?xml version="1.0" encoding="UTF-8"?>
<!-- Generated by org.testng.reporters.JUnitXMLReporter -->
<testsuite hostname="Admin-PC" ignored="0" name="Test" tests="7" failures="0" timestamp="22 серп. 2018 14:41:52 GMT" time="0.111" errors="0">
  <testcase name="firstTestForAddMethod" time="0.02" classname="At_025.HomeWork_6.AddTest"/>
  <testcase name="secondTestForAddMethod" time="0.011" classname="At_025.HomeWork_6.AddTest"/>
  <testcase name="thirdTestForAddMethod" time="0.01" classname="At_025.HomeWork_6.AddTest"/>
  <testcase name="thirdTestForAddMethod" time="0.0" classname="At_025.HomeWork_6.AddTest"/>
  <testcase name="thirdTestForAddMethod" time="0.01" classname="At_025.HomeWork_6.AddTest"/>
  <testcase name="thirdTestForAddMethod" time="0.0" classname="At_025.HomeWork_6.AddTest"/>
  <testcase name="fourthTestForAddMethod" time="0.01" classname="At_025.HomeWork_6.AddTest"/>
</testsuite> <!-- Test -->
